[debug] [2022-07-10T06:18:19.962Z] ----------------------------------------------------------------------
[debug] [2022-07-10T06:18:19.963Z] Command:       C:\Program Files\nodejs\node.exe C:\Users\evota\AppData\Roaming\npm\node_modules\firebase-tools\lib\bin\firebase.js init hosting:github
[debug] [2022-07-10T06:18:19.964Z] CLI Version:   11.0.0
[debug] [2022-07-10T06:18:19.964Z] Platform:      win32
[debug] [2022-07-10T06:18:19.964Z] Node Version:  v16.15.0
[debug] [2022-07-10T06:18:19.964Z] Time:          Sun Jul 10 2022 14:18:19 GMT+0800 (Singapore Standard Time)
[debug] [2022-07-10T06:18:19.965Z] ----------------------------------------------------------------------
[debug] 
[debug] [2022-07-10T06:18:20.015Z] > command requires scopes: ["email","openid","https://www.googleapis.com/auth/cloudplatformprojects.readonly","https://www.googleapis.com/auth/firebase","https://www.googleapis.com/auth/cloud-platform"]
[debug] [2022-07-10T06:18:20.015Z] > authorizing via signed-in user (thchong28@gmail.com)
[info] 
     ######## #### ########  ######## ########     ###     ######  ########
     ##        ##  ##     ## ##       ##     ##  ##   ##  ##       ##
     ######    ##  ########  ######   ########  #########  ######  ######
     ##        ##  ##    ##  ##       ##     ## ##     ##       ## ##
     ##       #### ##     ## ######## ########  ##     ##  ######  ########

You're about to initialize a Firebase project in this directory:

  C:\Users\evota\Linux\Orbital\studytgt

Before we get started, keep in mind:

  * You are initializing within an existing Firebase project directory

[info] 
=== Project Setup
[info] 
[info] First, let's associate this project directory with a Firebase project.
[info] You can create multiple project aliases by running firebase use --add, 
[info] but for now we'll just set up a default project.
[info] 
[debug] [2022-07-10T06:18:23.594Z] Using project from CLI flag: splatapp
[debug] [2022-07-10T06:18:23.597Z] >>> [apiv2][query] GET https://firebase.googleapis.com/v1beta1/projects/splatapp [none]
[debug] [2022-07-10T06:18:24.112Z] <<< [apiv2][status] GET https://firebase.googleapis.com/v1beta1/projects/splatapp 200
[debug] [2022-07-10T06:18:24.113Z] <<< [apiv2][body] GET https://firebase.googleapis.com/v1beta1/projects/splatapp {"projectId":"splatapp","projectNumber":"40947787967","displayName":"splat","name":"projects/splatapp","resources":{"hostingSite":"splatapp-6c307"},"state":"ACTIVE"}
[info] i  Using project splatapp (splat) 
[info] 
=== Hosting:github Setup
[info] 
[info] i  Detected a .git folder at C:\Users\evota\Linux\Orbital\studytgt 
[info] i  Authorizing with GitHub to upload your service account to a GitHub repository's secrets store. 
[info] 
[info] Visit this URL on this device to log in:
[info] https://github.com/login/oauth/authorize?client_id=89cf50f02ac6aaed3484&state=207213180&redirect_uri=http%3A%2F%2Flocalhost%3A9005&scope=read%3Auser%20repo%20public_repo
[info] 
[info] Waiting for authentication...
[debug] [2022-07-10T06:18:24.689Z] >>> HTTP REQUEST POST https://github.com/login/oauth/access_token  
 {"client_id":"89cf50f02ac6aaed3484","client_secret":"3330d14abc895d9a74d5f17cd7a00711fa2c5bf0","code":"b0069af7210a795e8819","redirect_uri":"http://localhost:9005","state":"207213180"}
[debug] [2022-07-10T06:18:25.050Z] <<< HTTP RESPONSE 200 {"server":"GitHub.com","date":"Sun, 10 Jul 2022 06:18:25 GMT","content-type":"application/json; charset=utf-8","transfer-encoding":"chunked","vary":"X-PJAX, X-PJAX-Container, Turbo-Visit, Turbo-Frame, Accept-Encoding, Accept, X-Requested-With","permissions-policy":"interest-cohort=()","etag":"W/\"8fc8277dc72e4ca39d1988260d4eee9d\"","cache-control":"max-age=0, private, must-revalidate","strict-transport-security":"max-age=31536000; includeSubdomains; preload","x-frame-options":"deny","x-content-type-options":"nosniff","x-xss-protection":"0","referrer-policy":"origin-when-cross-origin, strict-origin-when-cross-origin","expect-ct":"max-age=2592000, report-uri=\"https://api.github.com/_private/browser/errors\"","content-security-policy":"default-src 'none'; base-uri 'self'; block-all-mixed-content; child-src github.com/assets-cdn/worker/ gist.github.com/assets-cdn/worker/; connect-src 'self' uploads.github.com objects-origin.githubusercontent.com www.githubstatus.com collector.github.com raw.githubusercontent.com api.github.com github-cloud.s3.amazonaws.com github-production-repository-file-5c1aeb.s3.amazonaws.com github-production-upload-manifest-file-7fdce7.s3.amazonaws.com github-production-user-asset-6210df.s3.amazonaws.com cdn.optimizely.com logx.optimizely.com/v1/events *.actions.githubusercontent.com wss://*.actions.githubusercontent.com online.visualstudio.com/api/v1/locations github-production-repository-image-32fea6.s3.amazonaws.com github-production-release-asset-2e65be.s3.amazonaws.com insights.github.com wss://alive.github.com; font-src github.githubassets.com; form-action 'self' github.com gist.github.com objects-origin.githubusercontent.com; frame-ancestors 'none'; frame-src render.githubusercontent.com viewscreen.githubusercontent.com notebooks.githubusercontent.com; img-src 'self' data: github.githubassets.com identicons.github.com github-cloud.s3.amazonaws.com secured-user-images.githubusercontent.com/ github-production-user-asset-6210df.s3.amazonaws.com *.githubusercontent.com; manifest-src 'self'; media-src github.com user-images.githubusercontent.com/; script-src github.githubassets.com; style-src 'unsafe-inline' github.githubassets.com; worker-src github.com/assets-cdn/worker/ gist.github.com/assets-cdn/worker/","x-github-request-id":"C7E8:34F4:2F4059:3CDAF5:62CA6F30"}
[debug] [2022-07-10T06:18:25.053Z] >>> [apiv2][query] GET https://api.github.com/user [none]
[debug] [2022-07-10T06:18:25.425Z] <<< [apiv2][status] GET https://api.github.com/user 200
[debug] [2022-07-10T06:18:25.425Z] <<< [apiv2][body] GET https://api.github.com/user {"login":"hauchongtang","id":56034480,"node_id":"MDQ6VXNlcjU2MDM0NDgw","avatar_url":"https://avatars.githubusercontent.com/u/56034480?v=4","gravatar_id":"","url":"https://api.github.com/users/hauchongtang","html_url":"https://github.com/hauchongtang","followers_url":"https://api.github.com/users/hauchongtang/followers","following_url":"https://api.github.com/users/hauchongtang/following{/other_user}","gists_url":"https://api.github.com/users/hauchongtang/gists{/gist_id}","starred_url":"https://api.github.com/users/hauchongtang/starred{/owner}{/repo}","subscriptions_url":"https://api.github.com/users/hauchongtang/subscriptions","organizations_url":"https://api.github.com/users/hauchongtang/orgs","repos_url":"https://api.github.com/users/hauchongtang/repos","events_url":"https://api.github.com/users/hauchongtang/events{/privacy}","received_events_url":"https://api.github.com/users/hauchongtang/received_events","type":"User","site_admin":false,"name":"Hau Chong","company":null,"blog":"https://hauchongtang.github.io/","location":"Singapore","email":null,"hireable":true,"bio":"no, you don't ! ","twitter_username":null,"public_repos":30,"public_gists":0,"followers":12,"following":44,"created_at":"2019-10-01T14:04:04Z","updated_at":"2022-07-02T01:50:06Z","private_gists":0,"total_private_repos":20,"owned_private_repos":20,"disk_usage":135374,"collaborators":1,"two_factor_authentication":false,"plan":{"name":"free","space":976562499,"collaborators":0,"private_repos":10000}}
[info] 
[info] +  Success! Logged into GitHub as hauchongtang 
[info] 
